interpolation.f90(28): error #6602: A CYCLE or EXIT statement must not be used with a non-DO block.
      exit
------^
interpolation.f90(35): error #6602: A CYCLE or EXIT statement must not be used with a non-DO block.
      exit
------^
interpolation.f90(38): error #6404: This name does not have a type, and must have an explicit type.   [ROW]
    do ind = 1, row
----------------^
interpolation.f90(39): error #6640: This input/output keyword is invalid.   [STAT]
      read(8, '(27ES16.6)', stat=io_status) data_3d(ind, :)
----------------------------^
interpolation.f90(53): error #6602: A CYCLE or EXIT statement must not be used with a non-DO block.
      exit
------^
interpolation.f90(60): error #6602: A CYCLE or EXIT statement must not be used with a non-DO block.
      exit
------^
interpolation.f90(64): error #6640: This input/output keyword is invalid.   [STAT]
      read(7, '(ES16.6)', stat=io_status) rad_arr(ind)
--------------------------^
interpolation.f90(79): error #6602: A CYCLE or EXIT statement must not be used with a non-DO block.
      exit
------^
interpolation.f90(86): error #6602: A CYCLE or EXIT statement must not be used with a non-DO block.
      exit
------^
interpolation.f90(90): error #6640: This input/output keyword is invalid.   [STAT]
      read(10, '(ES16.6)', stat=io_status) theta_arr(ind)
---------------------------^
interpolation.f90(105): error #6602: A CYCLE or EXIT statement must not be used with a non-DO block.
      exit
------^
interpolation.f90(112): error #6602: A CYCLE or EXIT statement must not be used with a non-DO block.
      exit
------^
interpolation.f90(116): error #6640: This input/output keyword is invalid.   [STAT]
      read(11, '(ES16.6)', stat=io_status) phi_arr(ind)
---------------------------^
interpolation.f90(172): error #6634: The shape matching rules of actual arguments and dummy arguments have been violated.   [PDATA]
      call distanceEuclidian2d(pdata(i, :), p, d)
-------------------------------^
interpolation.f90(172): error #6634: The shape matching rules of actual arguments and dummy arguments have been violated.   [P]
      call distanceEuclidian2d(pdata(i, :), p, d)
--------------------------------------------^
interpolation.f90(328): warning #6075: The data type of the actual argument does not match the definition.   [NTOT]
        call cartesian_to_spherical(grids(i)%gridcoords, grids(i)%sphericalgrid, ntot) 
---------------------------------------------------------------------------------^
interpolation.f90(535): error #6373: Two-dimensional array-valued arguments are required in this context.   [TRANSPOSE]
          d2 = TRANSPOSE(data_3d(ind, :))
-------------------------^
interpolation.f90(535): error #6366: The shapes of the array expressions do not conform.   [D2]
          d2 = TRANSPOSE(data_3d(ind, :))
----------^
interpolation.f90(541): error #6404: This name does not have a type, and must have an explicit type.   [PHI1]
        call rbf_weight(3, 25, d2(:3,:), r0, phi1, d2(k,:), w1)
---------------------------------------------^
interpolation.f90(542): error #6911: The syntax of this substring is invalid.   [TRANSPOSE]
        call rbf_interp_nd(3, 25, d2(:3, :), r0, phi1, w1, 1, TRANSPOSE(interpolateddata)(:3, :), interpolateddata(i))
--------------------------------------------------------------^
interpolation.f90(705): error #7002: Error in opening the compiled module file.  Check INCLUDE paths.   [INTERPOLATION_MODULE]
  use interpolation_module
------^
compilation aborted for interpolation.f90 (code 1)
